\BOOKMARK [0][-]{chapter.1}{\376\377\0001\000\040\000O\000v\000e\000r\000v\000i\000e\000w}{}% 1
\BOOKMARK [0][-]{chapter.2}{\376\377\0002\000\040\000H\000i\000e\000r\000a\000r\000c\000h\000i\000c\000a\000l\000\040\000I\000n\000d\000e\000x}{}% 2
\BOOKMARK [1][-]{section.2.1}{\376\377\0002\000.\0001\000\040\000C\000l\000a\000s\000s\000\040\000H\000i\000e\000r\000a\000r\000c\000h\000y}{chapter.2}% 3
\BOOKMARK [0][-]{chapter.3}{\376\377\0003\000\040\000C\000l\000a\000s\000s\000\040\000I\000n\000d\000e\000x}{}% 4
\BOOKMARK [1][-]{section.3.1}{\376\377\0003\000.\0001\000\040\000C\000l\000a\000s\000s\000\040\000L\000i\000s\000t}{chapter.3}% 5
\BOOKMARK [0][-]{chapter.4}{\376\377\0004\000\040\000F\000i\000l\000e\000\040\000I\000n\000d\000e\000x}{}% 6
\BOOKMARK [1][-]{section.4.1}{\376\377\0004\000.\0001\000\040\000F\000i\000l\000e\000\040\000L\000i\000s\000t}{chapter.4}% 7
\BOOKMARK [0][-]{chapter.5}{\376\377\0005\000\040\000C\000l\000a\000s\000s\000\040\000D\000o\000c\000u\000m\000e\000n\000t\000a\000t\000i\000o\000n}{}% 8
\BOOKMARK [1][-]{section.5.1}{\376\377\0005\000.\0001\000\040\000s\000a\000m\000p\000F\000i\000l\000e\000s\000:\000:\000B\000e\000d\000F\000i\000l\000e\000\040\000C\000l\000a\000s\000s\000\040\000R\000e\000f\000e\000r\000e\000n\000c\000e}{chapter.5}% 9
\BOOKMARK [2][-]{subsection.5.1.1}{\376\377\0005\000.\0001\000.\0001\000\040\000D\000e\000t\000a\000i\000l\000e\000d\000\040\000D\000e\000s\000c\000r\000i\000p\000t\000i\000o\000n}{section.5.1}% 10
\BOOKMARK [2][-]{subsection.5.1.2}{\376\377\0005\000.\0001\000.\0002\000\040\000C\000o\000n\000s\000t\000r\000u\000c\000t\000o\000r\000\040\000\046\000\040\000D\000e\000s\000t\000r\000u\000c\000t\000o\000r\000\040\000D\000o\000c\000u\000m\000e\000n\000t\000a\000t\000i\000o\000n}{section.5.1}% 11
\BOOKMARK [3][-]{subsubsection.5.1.2.1}{\376\377\0005\000.\0001\000.\0002\000.\0001\000\040\000B\000e\000d\000F\000i\000l\000e\000\050\000\051}{subsection.5.1.2}% 12
\BOOKMARK [2][-]{subsection.5.1.3}{\376\377\0005\000.\0001\000.\0003\000\040\000M\000e\000m\000b\000e\000r\000\040\000D\000a\000t\000a\000\040\000D\000o\000c\000u\000m\000e\000n\000t\000a\000t\000i\000o\000n}{section.5.1}% 13
\BOOKMARK [3][-]{subsubsection.5.1.3.1}{\376\377\0005\000.\0001\000.\0003\000.\0001\000\040\000\137\000m\000a\000s\000k\000s}{subsection.5.1.3}% 14
\BOOKMARK [3][-]{subsubsection.5.1.3.2}{\376\377\0005\000.\0001\000.\0003\000.\0002\000\040\000\137\000t\000e\000s\000t\000s}{subsection.5.1.3}% 15
\BOOKMARK [1][-]{section.5.2}{\376\377\0005\000.\0002\000\040\000s\000a\000m\000p\000F\000i\000l\000e\000s\000:\000:\000B\000e\000d\000F\000i\000l\000e\000I\000\040\000C\000l\000a\000s\000s\000\040\000R\000e\000f\000e\000r\000e\000n\000c\000e}{chapter.5}% 16
\BOOKMARK [2][-]{subsection.5.2.1}{\376\377\0005\000.\0002\000.\0001\000\040\000D\000e\000t\000a\000i\000l\000e\000d\000\040\000D\000e\000s\000c\000r\000i\000p\000t\000i\000o\000n}{section.5.2}% 17
\BOOKMARK [2][-]{subsection.5.2.2}{\376\377\0005\000.\0002\000.\0002\000\040\000C\000o\000n\000s\000t\000r\000u\000c\000t\000o\000r\000\040\000\046\000\040\000D\000e\000s\000t\000r\000u\000c\000t\000o\000r\000\040\000D\000o\000c\000u\000m\000e\000n\000t\000a\000t\000i\000o\000n}{section.5.2}% 18
\BOOKMARK [3][-]{subsubsection.5.2.2.1}{\376\377\0005\000.\0002\000.\0002\000.\0001\000\040\000B\000e\000d\000F\000i\000l\000e\000I\000\050\000\051}{subsection.5.2.2}% 19
\BOOKMARK [2][-]{subsection.5.2.3}{\376\377\0005\000.\0002\000.\0003\000\040\000M\000e\000m\000b\000e\000r\000\040\000F\000u\000n\000c\000t\000i\000o\000n\000\040\000D\000o\000c\000u\000m\000e\000n\000t\000a\000t\000i\000o\000n}{section.5.2}% 20
\BOOKMARK [3][-]{subsubsection.5.2.3.1}{\376\377\0005\000.\0002\000.\0003\000.\0001\000\040\000\137\000f\000a\000m\000L\000i\000n\000e\000s\000\050\000\051\000\040\000[\0001\000/\0002\000]}{subsection.5.2.3}% 21
\BOOKMARK [3][-]{subsubsection.5.2.3.2}{\376\377\0005\000.\0002\000.\0003\000.\0002\000\040\000\137\000f\000a\000m\000L\000i\000n\000e\000s\000\050\000\051\000\040\000[\0002\000/\0002\000]}{subsection.5.2.3}% 22
\BOOKMARK [3][-]{subsubsection.5.2.3.3}{\376\377\0005\000.\0002\000.\0003\000.\0003\000\040\000\137\000l\000d\000\050\000\051\000\040\000[\0001\000/\0002\000]}{subsection.5.2.3}% 23
\BOOKMARK [3][-]{subsubsection.5.2.3.4}{\376\377\0005\000.\0002\000.\0003\000.\0004\000\040\000\137\000l\000d\000\050\000\051\000\040\000[\0002\000/\0002\000]}{subsection.5.2.3}% 24
\BOOKMARK [3][-]{subsubsection.5.2.3.5}{\376\377\0005\000.\0002\000.\0003\000.\0005\000\040\000\137\000n\000u\000m\000L\000i\000n\000e\000s\000\050\000\051}{subsection.5.2.3}% 25
\BOOKMARK [3][-]{subsubsection.5.2.3.6}{\376\377\0005\000.\0002\000.\0003\000.\0006\000\040\000s\000a\000m\000p\000l\000e\000\050\000\051}{subsection.5.2.3}% 26
\BOOKMARK [3][-]{subsubsection.5.2.3.7}{\376\377\0005\000.\0002\000.\0003\000.\0007\000\040\000s\000a\000m\000p\000l\000e\000L\000D\000\050\000\051\000\040\000[\0001\000/\0002\000]}{subsection.5.2.3}% 27
\BOOKMARK [3][-]{subsubsection.5.2.3.8}{\376\377\0005\000.\0002\000.\0003\000.\0008\000\040\000s\000a\000m\000p\000l\000e\000L\000D\000\050\000\051\000\040\000[\0002\000/\0002\000]}{subsection.5.2.3}% 28
\BOOKMARK [1][-]{section.5.3}{\376\377\0005\000.\0003\000\040\000s\000a\000m\000p\000F\000i\000l\000e\000s\000:\000:\000B\000e\000d\000F\000i\000l\000e\000O\000\040\000C\000l\000a\000s\000s\000\040\000R\000e\000f\000e\000r\000e\000n\000c\000e}{chapter.5}% 29
\BOOKMARK [2][-]{subsection.5.3.1}{\376\377\0005\000.\0003\000.\0001\000\040\000D\000e\000t\000a\000i\000l\000e\000d\000\040\000D\000e\000s\000c\000r\000i\000p\000t\000i\000o\000n}{section.5.3}% 30
\BOOKMARK [2][-]{subsection.5.3.2}{\376\377\0005\000.\0003\000.\0002\000\040\000C\000o\000n\000s\000t\000r\000u\000c\000t\000o\000r\000\040\000\046\000\040\000D\000e\000s\000t\000r\000u\000c\000t\000o\000r\000\040\000D\000o\000c\000u\000m\000e\000n\000t\000a\000t\000i\000o\000n}{section.5.3}% 31
\BOOKMARK [3][-]{subsubsection.5.3.2.1}{\376\377\0005\000.\0003\000.\0002\000.\0001\000\040\000B\000e\000d\000F\000i\000l\000e\000O\000\050\000\051}{subsection.5.3.2}% 32
\BOOKMARK [1][-]{section.5.4}{\376\377\0005\000.\0004\000\040\000s\000a\000m\000p\000F\000i\000l\000e\000s\000:\000:\000G\000b\000i\000n\000F\000i\000l\000e\000\040\000C\000l\000a\000s\000s\000\040\000R\000e\000f\000e\000r\000e\000n\000c\000e}{chapter.5}% 33
\BOOKMARK [2][-]{subsection.5.4.1}{\376\377\0005\000.\0004\000.\0001\000\040\000D\000e\000t\000a\000i\000l\000e\000d\000\040\000D\000e\000s\000c\000r\000i\000p\000t\000i\000o\000n}{section.5.4}% 34
\BOOKMARK [2][-]{subsection.5.4.2}{\376\377\0005\000.\0004\000.\0002\000\040\000C\000o\000n\000s\000t\000r\000u\000c\000t\000o\000r\000\040\000\046\000\040\000D\000e\000s\000t\000r\000u\000c\000t\000o\000r\000\040\000D\000o\000c\000u\000m\000e\000n\000t\000a\000t\000i\000o\000n}{section.5.4}% 35
\BOOKMARK [3][-]{subsubsection.5.4.2.1}{\376\377\0005\000.\0004\000.\0002\000.\0001\000\040\000G\000b\000i\000n\000F\000i\000l\000e\000\050\000\051}{subsection.5.4.2}% 36
\BOOKMARK [1][-]{section.5.5}{\376\377\0005\000.\0005\000\040\000s\000a\000m\000p\000F\000i\000l\000e\000s\000:\000:\000G\000b\000i\000n\000F\000i\000l\000e\000I\000\040\000C\000l\000a\000s\000s\000\040\000R\000e\000f\000e\000r\000e\000n\000c\000e}{chapter.5}% 37
\BOOKMARK [2][-]{subsection.5.5.1}{\376\377\0005\000.\0005\000.\0001\000\040\000D\000e\000t\000a\000i\000l\000e\000d\000\040\000D\000e\000s\000c\000r\000i\000p\000t\000i\000o\000n}{section.5.5}% 38
\BOOKMARK [2][-]{subsection.5.5.2}{\376\377\0005\000.\0005\000.\0002\000\040\000C\000o\000n\000s\000t\000r\000u\000c\000t\000o\000r\000\040\000\046\000\040\000D\000e\000s\000t\000r\000u\000c\000t\000o\000r\000\040\000D\000o\000c\000u\000m\000e\000n\000t\000a\000t\000i\000o\000n}{section.5.5}% 39
\BOOKMARK [3][-]{subsubsection.5.5.2.1}{\376\377\0005\000.\0005\000.\0002\000.\0001\000\040\000G\000b\000i\000n\000F\000i\000l\000e\000I\000\050\000\051}{subsection.5.5.2}% 40
\BOOKMARK [2][-]{subsection.5.5.3}{\376\377\0005\000.\0005\000.\0003\000\040\000M\000e\000m\000b\000e\000r\000\040\000F\000u\000n\000c\000t\000i\000o\000n\000\040\000D\000o\000c\000u\000m\000e\000n\000t\000a\000t\000i\000o\000n}{section.5.5}% 41
\BOOKMARK [3][-]{subsubsection.5.5.3.1}{\376\377\0005\000.\0005\000.\0003\000.\0001\000\040\000\137\000n\000u\000m\000L\000i\000n\000e\000s\000\050\000\051}{subsection.5.5.3}% 42
\BOOKMARK [3][-]{subsubsection.5.5.3.2}{\376\377\0005\000.\0005\000.\0003\000.\0002\000\040\000s\000a\000m\000p\000l\000e\000\050\000\051}{subsection.5.5.3}% 43
\BOOKMARK [1][-]{section.5.6}{\376\377\0005\000.\0006\000\040\000s\000a\000m\000p\000F\000i\000l\000e\000s\000:\000:\000G\000b\000i\000n\000F\000i\000l\000e\000O\000\040\000C\000l\000a\000s\000s\000\040\000R\000e\000f\000e\000r\000e\000n\000c\000e}{chapter.5}% 44
\BOOKMARK [2][-]{subsection.5.6.1}{\376\377\0005\000.\0006\000.\0001\000\040\000D\000e\000t\000a\000i\000l\000e\000d\000\040\000D\000e\000s\000c\000r\000i\000p\000t\000i\000o\000n}{section.5.6}% 45
\BOOKMARK [2][-]{subsection.5.6.2}{\376\377\0005\000.\0006\000.\0002\000\040\000C\000o\000n\000s\000t\000r\000u\000c\000t\000o\000r\000\040\000\046\000\040\000D\000e\000s\000t\000r\000u\000c\000t\000o\000r\000\040\000D\000o\000c\000u\000m\000e\000n\000t\000a\000t\000i\000o\000n}{section.5.6}% 46
\BOOKMARK [3][-]{subsubsection.5.6.2.1}{\376\377\0005\000.\0006\000.\0002\000.\0001\000\040\000G\000b\000i\000n\000F\000i\000l\000e\000O\000\050\000\051}{subsection.5.6.2}% 47
\BOOKMARK [1][-]{section.5.7}{\376\377\0005\000.\0007\000\040\000s\000a\000m\000p\000F\000i\000l\000e\000s\000:\000:\000G\000e\000n\000e\000r\000a\000t\000e\000\040\000C\000l\000a\000s\000s\000\040\000R\000e\000f\000e\000r\000e\000n\000c\000e}{chapter.5}% 48
\BOOKMARK [2][-]{subsection.5.7.1}{\376\377\0005\000.\0007\000.\0001\000\040\000D\000e\000t\000a\000i\000l\000e\000d\000\040\000D\000e\000s\000c\000r\000i\000p\000t\000i\000o\000n}{section.5.7}% 49
\BOOKMARK [2][-]{subsection.5.7.2}{\376\377\0005\000.\0007\000.\0002\000\040\000C\000o\000n\000s\000t\000r\000u\000c\000t\000o\000r\000\040\000\046\000\040\000D\000e\000s\000t\000r\000u\000c\000t\000o\000r\000\040\000D\000o\000c\000u\000m\000e\000n\000t\000a\000t\000i\000o\000n}{section.5.7}% 50
\BOOKMARK [3][-]{subsubsection.5.7.2.1}{\376\377\0005\000.\0007\000.\0002\000.\0001\000\040\000G\000e\000n\000e\000r\000a\000t\000e\000\050\000\051\000\040\000[\0001\000/\0002\000]}{subsection.5.7.2}% 51
\BOOKMARK [3][-]{subsubsection.5.7.2.2}{\376\377\0005\000.\0007\000.\0002\000.\0002\000\040\000G\000e\000n\000e\000r\000a\000t\000e\000\050\000\051\000\040\000[\0002\000/\0002\000]}{subsection.5.7.2}% 52
\BOOKMARK [2][-]{subsection.5.7.3}{\376\377\0005\000.\0007\000.\0003\000\040\000M\000e\000m\000b\000e\000r\000\040\000F\000u\000n\000c\000t\000i\000o\000n\000\040\000D\000o\000c\000u\000m\000e\000n\000t\000a\000t\000i\000o\000n}{section.5.7}% 53
\BOOKMARK [3][-]{subsubsection.5.7.3.1}{\376\377\0005\000.\0007\000.\0003\000.\0001\000\040\000o\000p\000e\000r\000a\000t\000o\000r\000=\000\050\000\051\000\040\000[\0001\000/\0002\000]}{subsection.5.7.3}% 54
\BOOKMARK [3][-]{subsubsection.5.7.3.2}{\376\377\0005\000.\0007\000.\0003\000.\0002\000\040\000o\000p\000e\000r\000a\000t\000o\000r\000=\000\050\000\051\000\040\000[\0002\000/\0002\000]}{subsection.5.7.3}% 55
\BOOKMARK [3][-]{subsubsection.5.7.3.3}{\376\377\0005\000.\0007\000.\0003\000.\0003\000\040\000r\000a\000n\000I\000n\000t\000\050\000\051}{subsection.5.7.3}% 56
\BOOKMARK [1][-]{section.5.8}{\376\377\0005\000.\0008\000\040\000s\000a\000m\000p\000F\000i\000l\000e\000s\000:\000:\000G\000e\000n\000e\000r\000a\000t\000e\000H\000R\000\040\000C\000l\000a\000s\000s\000\040\000R\000e\000f\000e\000r\000e\000n\000c\000e}{chapter.5}% 57
\BOOKMARK [2][-]{subsection.5.8.1}{\376\377\0005\000.\0008\000.\0001\000\040\000D\000e\000t\000a\000i\000l\000e\000d\000\040\000D\000e\000s\000c\000r\000i\000p\000t\000i\000o\000n}{section.5.8}% 58
\BOOKMARK [2][-]{subsection.5.8.2}{\376\377\0005\000.\0008\000.\0002\000\040\000C\000o\000n\000s\000t\000r\000u\000c\000t\000o\000r\000\040\000\046\000\040\000D\000e\000s\000t\000r\000u\000c\000t\000o\000r\000\040\000D\000o\000c\000u\000m\000e\000n\000t\000a\000t\000i\000o\000n}{section.5.8}% 59
\BOOKMARK [3][-]{subsubsection.5.8.2.1}{\376\377\0005\000.\0008\000.\0002\000.\0001\000\040\000G\000e\000n\000e\000r\000a\000t\000e\000H\000R\000\050\000\051\000\040\000[\0001\000/\0002\000]}{subsection.5.8.2}% 60
\BOOKMARK [3][-]{subsubsection.5.8.2.2}{\376\377\0005\000.\0008\000.\0002\000.\0002\000\040\000G\000e\000n\000e\000r\000a\000t\000e\000H\000R\000\050\000\051\000\040\000[\0002\000/\0002\000]}{subsection.5.8.2}% 61
\BOOKMARK [2][-]{subsection.5.8.3}{\376\377\0005\000.\0008\000.\0003\000\040\000M\000e\000m\000b\000e\000r\000\040\000F\000u\000n\000c\000t\000i\000o\000n\000\040\000D\000o\000c\000u\000m\000e\000n\000t\000a\000t\000i\000o\000n}{section.5.8}% 62
\BOOKMARK [3][-]{subsubsection.5.8.3.1}{\376\377\0005\000.\0008\000.\0003\000.\0001\000\040\000o\000p\000e\000r\000a\000t\000o\000r\000=\000\050\000\051\000\040\000[\0001\000/\0002\000]}{subsection.5.8.3}% 63
\BOOKMARK [3][-]{subsubsection.5.8.3.2}{\376\377\0005\000.\0008\000.\0003\000.\0002\000\040\000o\000p\000e\000r\000a\000t\000o\000r\000=\000\050\000\051\000\040\000[\0002\000/\0002\000]}{subsection.5.8.3}% 64
\BOOKMARK [3][-]{subsubsection.5.8.3.3}{\376\377\0005\000.\0008\000.\0003\000.\0003\000\040\000r\000a\000n\000I\000n\000t\000\050\000\051}{subsection.5.8.3}% 65
\BOOKMARK [1][-]{section.5.9}{\376\377\0005\000.\0009\000\040\000s\000a\000m\000p\000F\000i\000l\000e\000s\000:\000:\000G\000e\000n\000e\000r\000a\000t\000e\000M\000T\000\040\000C\000l\000a\000s\000s\000\040\000R\000e\000f\000e\000r\000e\000n\000c\000e}{chapter.5}% 66
\BOOKMARK [2][-]{subsection.5.9.1}{\376\377\0005\000.\0009\000.\0001\000\040\000D\000e\000t\000a\000i\000l\000e\000d\000\040\000D\000e\000s\000c\000r\000i\000p\000t\000i\000o\000n}{section.5.9}% 67
\BOOKMARK [2][-]{subsection.5.9.2}{\376\377\0005\000.\0009\000.\0002\000\040\000C\000o\000n\000s\000t\000r\000u\000c\000t\000o\000r\000\040\000\046\000\040\000D\000e\000s\000t\000r\000u\000c\000t\000o\000r\000\040\000D\000o\000c\000u\000m\000e\000n\000t\000a\000t\000i\000o\000n}{section.5.9}% 68
\BOOKMARK [3][-]{subsubsection.5.9.2.1}{\376\377\0005\000.\0009\000.\0002\000.\0001\000\040\000G\000e\000n\000e\000r\000a\000t\000e\000M\000T\000\050\000\051\000\040\000[\0001\000/\0003\000]}{subsection.5.9.2}% 69
\BOOKMARK [3][-]{subsubsection.5.9.2.2}{\376\377\0005\000.\0009\000.\0002\000.\0002\000\040\000G\000e\000n\000e\000r\000a\000t\000e\000M\000T\000\050\000\051\000\040\000[\0002\000/\0003\000]}{subsection.5.9.2}% 70
\BOOKMARK [3][-]{subsubsection.5.9.2.3}{\376\377\0005\000.\0009\000.\0002\000.\0003\000\040\000G\000e\000n\000e\000r\000a\000t\000e\000M\000T\000\050\000\051\000\040\000[\0003\000/\0003\000]}{subsection.5.9.2}% 71
\BOOKMARK [2][-]{subsection.5.9.3}{\376\377\0005\000.\0009\000.\0003\000\040\000M\000e\000m\000b\000e\000r\000\040\000F\000u\000n\000c\000t\000i\000o\000n\000\040\000D\000o\000c\000u\000m\000e\000n\000t\000a\000t\000i\000o\000n}{section.5.9}% 72
\BOOKMARK [3][-]{subsubsection.5.9.3.1}{\376\377\0005\000.\0009\000.\0003\000.\0001\000\040\000o\000p\000e\000r\000a\000t\000o\000r\000=\000\050\000\051\000\040\000[\0001\000/\0002\000]}{subsection.5.9.3}% 73
\BOOKMARK [3][-]{subsubsection.5.9.3.2}{\376\377\0005\000.\0009\000.\0003\000.\0002\000\040\000o\000p\000e\000r\000a\000t\000o\000r\000=\000\050\000\051\000\040\000[\0002\000/\0002\000]}{subsection.5.9.3}% 74
\BOOKMARK [3][-]{subsubsection.5.9.3.3}{\376\377\0005\000.\0009\000.\0003\000.\0003\000\040\000r\000a\000n\000I\000n\000t\000\050\000\051}{subsection.5.9.3}% 75
\BOOKMARK [1][-]{section.5.10}{\376\377\0005\000.\0001\0000\000\040\000s\000a\000m\000p\000F\000i\000l\000e\000s\000:\000:\000G\000t\000x\000t\000F\000i\000l\000e\000\040\000C\000l\000a\000s\000s\000\040\000R\000e\000f\000e\000r\000e\000n\000c\000e}{chapter.5}% 76
\BOOKMARK [2][-]{subsection.5.10.1}{\376\377\0005\000.\0001\0000\000.\0001\000\040\000D\000e\000t\000a\000i\000l\000e\000d\000\040\000D\000e\000s\000c\000r\000i\000p\000t\000i\000o\000n}{section.5.10}% 77
\BOOKMARK [2][-]{subsection.5.10.2}{\376\377\0005\000.\0001\0000\000.\0002\000\040\000C\000o\000n\000s\000t\000r\000u\000c\000t\000o\000r\000\040\000\046\000\040\000D\000e\000s\000t\000r\000u\000c\000t\000o\000r\000\040\000D\000o\000c\000u\000m\000e\000n\000t\000a\000t\000i\000o\000n}{section.5.10}% 78
\BOOKMARK [3][-]{subsubsection.5.10.2.1}{\376\377\0005\000.\0001\0000\000.\0002\000.\0001\000\040\000G\000t\000x\000t\000F\000i\000l\000e\000\050\000\051\000\040\000[\0001\000/\0002\000]}{subsection.5.10.2}% 79
\BOOKMARK [3][-]{subsubsection.5.10.2.2}{\376\377\0005\000.\0001\0000\000.\0002\000.\0002\000\040\000G\000t\000x\000t\000F\000i\000l\000e\000\050\000\051\000\040\000[\0002\000/\0002\000]}{subsection.5.10.2}% 80
\BOOKMARK [1][-]{section.5.11}{\376\377\0005\000.\0001\0001\000\040\000s\000a\000m\000p\000F\000i\000l\000e\000s\000:\000:\000G\000t\000x\000t\000F\000i\000l\000e\000I\000\040\000C\000l\000a\000s\000s\000\040\000R\000e\000f\000e\000r\000e\000n\000c\000e}{chapter.5}% 81
\BOOKMARK [2][-]{subsection.5.11.1}{\376\377\0005\000.\0001\0001\000.\0001\000\040\000D\000e\000t\000a\000i\000l\000e\000d\000\040\000D\000e\000s\000c\000r\000i\000p\000t\000i\000o\000n}{section.5.11}% 82
\BOOKMARK [2][-]{subsection.5.11.2}{\376\377\0005\000.\0001\0001\000.\0002\000\040\000C\000o\000n\000s\000t\000r\000u\000c\000t\000o\000r\000\040\000\046\000\040\000D\000e\000s\000t\000r\000u\000c\000t\000o\000r\000\040\000D\000o\000c\000u\000m\000e\000n\000t\000a\000t\000i\000o\000n}{section.5.11}% 83
\BOOKMARK [3][-]{subsubsection.5.11.2.1}{\376\377\0005\000.\0001\0001\000.\0002\000.\0001\000\040\000G\000t\000x\000t\000F\000i\000l\000e\000I\000\050\000\051\000\040\000[\0001\000/\0002\000]}{subsection.5.11.2}% 84
\BOOKMARK [3][-]{subsubsection.5.11.2.2}{\376\377\0005\000.\0001\0001\000.\0002\000.\0002\000\040\000G\000t\000x\000t\000F\000i\000l\000e\000I\000\050\000\051\000\040\000[\0002\000/\0002\000]}{subsection.5.11.2}% 85
\BOOKMARK [2][-]{subsection.5.11.3}{\376\377\0005\000.\0001\0001\000.\0003\000\040\000M\000e\000m\000b\000e\000r\000\040\000F\000u\000n\000c\000t\000i\000o\000n\000\040\000D\000o\000c\000u\000m\000e\000n\000t\000a\000t\000i\000o\000n}{section.5.11}% 86
\BOOKMARK [3][-]{subsubsection.5.11.3.1}{\376\377\0005\000.\0001\0001\000.\0003\000.\0001\000\040\000\137\000n\000u\000m\000L\000i\000n\000e\000s\000\050\000\051}{subsection.5.11.3}% 87
\BOOKMARK [3][-]{subsubsection.5.11.3.2}{\376\377\0005\000.\0001\0001\000.\0003\000.\0002\000\040\000s\000a\000m\000p\000l\000e\000\050\000\051\000\040\000[\0001\000/\0002\000]}{subsection.5.11.3}% 88
\BOOKMARK [3][-]{subsubsection.5.11.3.3}{\376\377\0005\000.\0001\0001\000.\0003\000.\0003\000\040\000s\000a\000m\000p\000l\000e\000\050\000\051\000\040\000[\0002\000/\0002\000]}{subsection.5.11.3}% 89
\BOOKMARK [1][-]{section.5.12}{\376\377\0005\000.\0001\0002\000\040\000s\000a\000m\000p\000F\000i\000l\000e\000s\000:\000:\000G\000t\000x\000t\000F\000i\000l\000e\000O\000\040\000C\000l\000a\000s\000s\000\040\000R\000e\000f\000e\000r\000e\000n\000c\000e}{chapter.5}% 90
\BOOKMARK [2][-]{subsection.5.12.1}{\376\377\0005\000.\0001\0002\000.\0001\000\040\000D\000e\000t\000a\000i\000l\000e\000d\000\040\000D\000e\000s\000c\000r\000i\000p\000t\000i\000o\000n}{section.5.12}% 91
\BOOKMARK [2][-]{subsection.5.12.2}{\376\377\0005\000.\0001\0002\000.\0002\000\040\000C\000o\000n\000s\000t\000r\000u\000c\000t\000o\000r\000\040\000\046\000\040\000D\000e\000s\000t\000r\000u\000c\000t\000o\000r\000\040\000D\000o\000c\000u\000m\000e\000n\000t\000a\000t\000i\000o\000n}{section.5.12}% 92
\BOOKMARK [3][-]{subsubsection.5.12.2.1}{\376\377\0005\000.\0001\0002\000.\0002\000.\0001\000\040\000G\000t\000x\000t\000F\000i\000l\000e\000O\000\050\000\051\000\040\000[\0001\000/\0002\000]}{subsection.5.12.2}% 93
\BOOKMARK [3][-]{subsubsection.5.12.2.2}{\376\377\0005\000.\0001\0002\000.\0002\000.\0002\000\040\000G\000t\000x\000t\000F\000i\000l\000e\000O\000\050\000\051\000\040\000[\0002\000/\0002\000]}{subsection.5.12.2}% 94
\BOOKMARK [1][-]{section.5.13}{\376\377\0005\000.\0001\0003\000\040\000s\000a\000m\000p\000F\000i\000l\000e\000s\000:\000:\000H\000m\000p\000F\000i\000l\000e\000\040\000C\000l\000a\000s\000s\000\040\000R\000e\000f\000e\000r\000e\000n\000c\000e}{chapter.5}% 95
\BOOKMARK [2][-]{subsection.5.13.1}{\376\377\0005\000.\0001\0003\000.\0001\000\040\000D\000e\000t\000a\000i\000l\000e\000d\000\040\000D\000e\000s\000c\000r\000i\000p\000t\000i\000o\000n}{section.5.13}% 96
\BOOKMARK [2][-]{subsection.5.13.2}{\376\377\0005\000.\0001\0003\000.\0002\000\040\000C\000o\000n\000s\000t\000r\000u\000c\000t\000o\000r\000\040\000\046\000\040\000D\000e\000s\000t\000r\000u\000c\000t\000o\000r\000\040\000D\000o\000c\000u\000m\000e\000n\000t\000a\000t\000i\000o\000n}{section.5.13}% 97
\BOOKMARK [3][-]{subsubsection.5.13.2.1}{\376\377\0005\000.\0001\0003\000.\0002\000.\0001\000\040\000H\000m\000p\000F\000i\000l\000e\000\050\000\051}{subsection.5.13.2}% 98
\BOOKMARK [1][-]{section.5.14}{\376\377\0005\000.\0001\0004\000\040\000s\000a\000m\000p\000F\000i\000l\000e\000s\000:\000:\000H\000m\000p\000F\000i\000l\000e\000I\000\040\000C\000l\000a\000s\000s\000\040\000R\000e\000f\000e\000r\000e\000n\000c\000e}{chapter.5}% 99
\BOOKMARK [2][-]{subsection.5.14.1}{\376\377\0005\000.\0001\0004\000.\0001\000\040\000D\000e\000t\000a\000i\000l\000e\000d\000\040\000D\000e\000s\000c\000r\000i\000p\000t\000i\000o\000n}{section.5.14}% 100
\BOOKMARK [2][-]{subsection.5.14.2}{\376\377\0005\000.\0001\0004\000.\0002\000\040\000C\000o\000n\000s\000t\000r\000u\000c\000t\000o\000r\000\040\000\046\000\040\000D\000e\000s\000t\000r\000u\000c\000t\000o\000r\000\040\000D\000o\000c\000u\000m\000e\000n\000t\000a\000t\000i\000o\000n}{section.5.14}% 101
\BOOKMARK [3][-]{subsubsection.5.14.2.1}{\376\377\0005\000.\0001\0004\000.\0002\000.\0001\000\040\000H\000m\000p\000F\000i\000l\000e\000I\000\050\000\051}{subsection.5.14.2}% 102
\BOOKMARK [2][-]{subsection.5.14.3}{\376\377\0005\000.\0001\0004\000.\0003\000\040\000M\000e\000m\000b\000e\000r\000\040\000F\000u\000n\000c\000t\000i\000o\000n\000\040\000D\000o\000c\000u\000m\000e\000n\000t\000a\000t\000i\000o\000n}{section.5.14}% 103
\BOOKMARK [3][-]{subsubsection.5.14.3.1}{\376\377\0005\000.\0001\0004\000.\0003\000.\0001\000\040\000\137\000n\000u\000m\000L\000i\000n\000e\000s\000\050\000\051}{subsection.5.14.3}% 104
\BOOKMARK [3][-]{subsubsection.5.14.3.2}{\376\377\0005\000.\0001\0004\000.\0003\000.\0002\000\040\000s\000a\000m\000p\000l\000e\000\050\000\051}{subsection.5.14.3}% 105
\BOOKMARK [1][-]{section.5.15}{\376\377\0005\000.\0001\0005\000\040\000s\000a\000m\000p\000F\000i\000l\000e\000s\000:\000:\000H\000m\000p\000F\000i\000l\000e\000O\000\040\000C\000l\000a\000s\000s\000\040\000R\000e\000f\000e\000r\000e\000n\000c\000e}{chapter.5}% 106
\BOOKMARK [2][-]{subsection.5.15.1}{\376\377\0005\000.\0001\0005\000.\0001\000\040\000D\000e\000t\000a\000i\000l\000e\000d\000\040\000D\000e\000s\000c\000r\000i\000p\000t\000i\000o\000n}{section.5.15}% 107
\BOOKMARK [2][-]{subsection.5.15.2}{\376\377\0005\000.\0001\0005\000.\0002\000\040\000C\000o\000n\000s\000t\000r\000u\000c\000t\000o\000r\000\040\000\046\000\040\000D\000e\000s\000t\000r\000u\000c\000t\000o\000r\000\040\000D\000o\000c\000u\000m\000e\000n\000t\000a\000t\000i\000o\000n}{section.5.15}% 108
\BOOKMARK [3][-]{subsubsection.5.15.2.1}{\376\377\0005\000.\0001\0005\000.\0002\000.\0001\000\040\000H\000m\000p\000F\000i\000l\000e\000O\000\050\000\051}{subsection.5.15.2}% 109
\BOOKMARK [1][-]{section.5.16}{\376\377\0005\000.\0001\0006\000\040\000s\000a\000m\000p\000F\000i\000l\000e\000s\000:\000:\000P\000o\000p\000I\000n\000d\000e\000x\000\040\000C\000l\000a\000s\000s\000\040\000R\000e\000f\000e\000r\000e\000n\000c\000e}{chapter.5}% 110
\BOOKMARK [2][-]{subsection.5.16.1}{\376\377\0005\000.\0001\0006\000.\0001\000\040\000D\000e\000t\000a\000i\000l\000e\000d\000\040\000D\000e\000s\000c\000r\000i\000p\000t\000i\000o\000n}{section.5.16}% 111
\BOOKMARK [2][-]{subsection.5.16.2}{\376\377\0005\000.\0001\0006\000.\0002\000\040\000C\000o\000n\000s\000t\000r\000u\000c\000t\000o\000r\000\040\000\046\000\040\000D\000e\000s\000t\000r\000u\000c\000t\000o\000r\000\040\000D\000o\000c\000u\000m\000e\000n\000t\000a\000t\000i\000o\000n}{section.5.16}% 112
\BOOKMARK [3][-]{subsubsection.5.16.2.1}{\376\377\0005\000.\0001\0006\000.\0002\000.\0001\000\040\000P\000o\000p\000I\000n\000d\000e\000x\000\050\000\051\000\040\000[\0001\000/\0002\000]}{subsection.5.16.2}% 113
\BOOKMARK [3][-]{subsubsection.5.16.2.2}{\376\377\0005\000.\0001\0006\000.\0002\000.\0002\000\040\000P\000o\000p\000I\000n\000d\000e\000x\000\050\000\051\000\040\000[\0002\000/\0002\000]}{subsection.5.16.2}% 114
\BOOKMARK [2][-]{subsection.5.16.3}{\376\377\0005\000.\0001\0006\000.\0003\000\040\000M\000e\000m\000b\000e\000r\000\040\000F\000u\000n\000c\000t\000i\000o\000n\000\040\000D\000o\000c\000u\000m\000e\000n\000t\000a\000t\000i\000o\000n}{section.5.16}% 115
\BOOKMARK [3][-]{subsubsection.5.16.3.1}{\376\377\0005\000.\0001\0006\000.\0003\000.\0001\000\040\000o\000p\000e\000r\000a\000t\000o\000r\000[\000]\000\050\000\051\000\040\000[\0001\000/\0002\000]}{subsection.5.16.3}% 116
\BOOKMARK [3][-]{subsubsection.5.16.3.2}{\376\377\0005\000.\0001\0006\000.\0003\000.\0002\000\040\000o\000p\000e\000r\000a\000t\000o\000r\000[\000]\000\050\000\051\000\040\000[\0002\000/\0002\000]}{subsection.5.16.3}% 117
\BOOKMARK [3][-]{subsubsection.5.16.3.3}{\376\377\0005\000.\0001\0006\000.\0003\000.\0003\000\040\000p\000o\000p\000N\000u\000m\000b\000e\000r\000\050\000\051\000\040\000[\0001\000/\0002\000]}{subsection.5.16.3}% 118
\BOOKMARK [3][-]{subsubsection.5.16.3.4}{\376\377\0005\000.\0001\0006\000.\0003\000.\0004\000\040\000p\000o\000p\000N\000u\000m\000b\000e\000r\000\050\000\051\000\040\000[\0002\000/\0002\000]}{subsection.5.16.3}% 119
\BOOKMARK [3][-]{subsubsection.5.16.3.5}{\376\377\0005\000.\0001\0006\000.\0003\000.\0005\000\040\000p\000o\000p\000S\000i\000z\000e\000\050\000\051\000\040\000[\0001\000/\0002\000]}{subsection.5.16.3}% 120
\BOOKMARK [3][-]{subsubsection.5.16.3.6}{\376\377\0005\000.\0001\0006\000.\0003\000.\0006\000\040\000p\000o\000p\000S\000i\000z\000e\000\050\000\051\000\040\000[\0002\000/\0002\000]}{subsection.5.16.3}% 121
\BOOKMARK [3][-]{subsubsection.5.16.3.7}{\376\377\0005\000.\0001\0006\000.\0003\000.\0007\000\040\000s\000i\000z\000e\000\050\000\051\000\040\000[\0001\000/\0002\000]}{subsection.5.16.3}% 122
\BOOKMARK [3][-]{subsubsection.5.16.3.8}{\376\377\0005\000.\0001\0006\000.\0003\000.\0008\000\040\000s\000i\000z\000e\000\050\000\051\000\040\000[\0002\000/\0002\000]}{subsection.5.16.3}% 123
\BOOKMARK [1][-]{section.5.17}{\376\377\0005\000.\0001\0007\000\040\000s\000a\000m\000p\000F\000i\000l\000e\000s\000:\000:\000R\000a\000n\000D\000r\000a\000w\000\040\000C\000l\000a\000s\000s\000\040\000R\000e\000f\000e\000r\000e\000n\000c\000e}{chapter.5}% 124
\BOOKMARK [2][-]{subsection.5.17.1}{\376\377\0005\000.\0001\0007\000.\0001\000\040\000D\000e\000t\000a\000i\000l\000e\000d\000\040\000D\000e\000s\000c\000r\000i\000p\000t\000i\000o\000n}{section.5.17}% 125
\BOOKMARK [2][-]{subsection.5.17.2}{\376\377\0005\000.\0001\0007\000.\0002\000\040\000C\000o\000n\000s\000t\000r\000u\000c\000t\000o\000r\000\040\000\046\000\040\000D\000e\000s\000t\000r\000u\000c\000t\000o\000r\000\040\000D\000o\000c\000u\000m\000e\000n\000t\000a\000t\000i\000o\000n}{section.5.17}% 126
\BOOKMARK [3][-]{subsubsection.5.17.2.1}{\376\377\0005\000.\0001\0007\000.\0002\000.\0001\000\040\000R\000a\000n\000D\000r\000a\000w\000\050\000\051\000\040\000[\0001\000/\0003\000]}{subsection.5.17.2}% 127
\BOOKMARK [3][-]{subsubsection.5.17.2.2}{\376\377\0005\000.\0001\0007\000.\0002\000.\0002\000\040\000R\000a\000n\000D\000r\000a\000w\000\050\000\051\000\040\000[\0002\000/\0003\000]}{subsection.5.17.2}% 128
\BOOKMARK [3][-]{subsubsection.5.17.2.3}{\376\377\0005\000.\0001\0007\000.\0002\000.\0003\000\040\000R\000a\000n\000D\000r\000a\000w\000\050\000\051\000\040\000[\0003\000/\0003\000]}{subsection.5.17.2}% 129
\BOOKMARK [2][-]{subsection.5.17.3}{\376\377\0005\000.\0001\0007\000.\0003\000\040\000M\000e\000m\000b\000e\000r\000\040\000F\000u\000n\000c\000t\000i\000o\000n\000\040\000D\000o\000c\000u\000m\000e\000n\000t\000a\000t\000i\000o\000n}{section.5.17}% 130
\BOOKMARK [3][-]{subsubsection.5.17.3.1}{\376\377\0005\000.\0001\0007\000.\0003\000.\0001\000\040\000o\000p\000e\000r\000a\000t\000o\000r\000=\000\050\000\051\000\040\000[\0001\000/\0002\000]}{subsection.5.17.3}% 131
\BOOKMARK [3][-]{subsubsection.5.17.3.2}{\376\377\0005\000.\0001\0007\000.\0003\000.\0002\000\040\000o\000p\000e\000r\000a\000t\000o\000r\000=\000\050\000\051\000\040\000[\0002\000/\0002\000]}{subsection.5.17.3}% 132
\BOOKMARK [3][-]{subsubsection.5.17.3.3}{\376\377\0005\000.\0001\0007\000.\0003\000.\0003\000\040\000r\000a\000n\000I\000n\000t\000\050\000\051}{subsection.5.17.3}% 133
\BOOKMARK [3][-]{subsubsection.5.17.3.4}{\376\377\0005\000.\0001\0007\000.\0003\000.\0004\000\040\000r\000u\000n\000i\000f\000\050\000\051}{subsection.5.17.3}% 134
\BOOKMARK [3][-]{subsubsection.5.17.3.5}{\376\377\0005\000.\0001\0007\000.\0003\000.\0005\000\040\000r\000u\000n\000i\000f\000n\000z\000\050\000\051}{subsection.5.17.3}% 135
\BOOKMARK [3][-]{subsubsection.5.17.3.6}{\376\377\0005\000.\0001\0007\000.\0003\000.\0006\000\040\000v\000i\000t\000t\000e\000r\000\050\000\051}{subsection.5.17.3}% 136
\BOOKMARK [3][-]{subsubsection.5.17.3.7}{\376\377\0005\000.\0001\0007\000.\0003\000.\0007\000\040\000v\000i\000t\000t\000e\000r\000A\000\050\000\051}{subsection.5.17.3}% 137
\BOOKMARK [1][-]{section.5.18}{\376\377\0005\000.\0001\0008\000\040\000s\000a\000m\000p\000F\000i\000l\000e\000s\000:\000:\000T\000p\000e\000d\000F\000i\000l\000e\000\040\000C\000l\000a\000s\000s\000\040\000R\000e\000f\000e\000r\000e\000n\000c\000e}{chapter.5}% 138
\BOOKMARK [2][-]{subsection.5.18.1}{\376\377\0005\000.\0001\0008\000.\0001\000\040\000D\000e\000t\000a\000i\000l\000e\000d\000\040\000D\000e\000s\000c\000r\000i\000p\000t\000i\000o\000n}{section.5.18}% 139
\BOOKMARK [2][-]{subsection.5.18.2}{\376\377\0005\000.\0001\0008\000.\0002\000\040\000C\000o\000n\000s\000t\000r\000u\000c\000t\000o\000r\000\040\000\046\000\040\000D\000e\000s\000t\000r\000u\000c\000t\000o\000r\000\040\000D\000o\000c\000u\000m\000e\000n\000t\000a\000t\000i\000o\000n}{section.5.18}% 140
\BOOKMARK [3][-]{subsubsection.5.18.2.1}{\376\377\0005\000.\0001\0008\000.\0002\000.\0001\000\040\000T\000p\000e\000d\000F\000i\000l\000e\000\050\000\051}{subsection.5.18.2}% 141
\BOOKMARK [1][-]{section.5.19}{\376\377\0005\000.\0001\0009\000\040\000s\000a\000m\000p\000F\000i\000l\000e\000s\000:\000:\000T\000p\000e\000d\000F\000i\000l\000e\000I\000\040\000C\000l\000a\000s\000s\000\040\000R\000e\000f\000e\000r\000e\000n\000c\000e}{chapter.5}% 142
\BOOKMARK [2][-]{subsection.5.19.1}{\376\377\0005\000.\0001\0009\000.\0001\000\040\000D\000e\000t\000a\000i\000l\000e\000d\000\040\000D\000e\000s\000c\000r\000i\000p\000t\000i\000o\000n}{section.5.19}% 143
\BOOKMARK [2][-]{subsection.5.19.2}{\376\377\0005\000.\0001\0009\000.\0002\000\040\000C\000o\000n\000s\000t\000r\000u\000c\000t\000o\000r\000\040\000\046\000\040\000D\000e\000s\000t\000r\000u\000c\000t\000o\000r\000\040\000D\000o\000c\000u\000m\000e\000n\000t\000a\000t\000i\000o\000n}{section.5.19}% 144
\BOOKMARK [3][-]{subsubsection.5.19.2.1}{\376\377\0005\000.\0001\0009\000.\0002\000.\0001\000\040\000T\000p\000e\000d\000F\000i\000l\000e\000I\000\050\000\051}{subsection.5.19.2}% 145
\BOOKMARK [2][-]{subsection.5.19.3}{\376\377\0005\000.\0001\0009\000.\0003\000\040\000M\000e\000m\000b\000e\000r\000\040\000F\000u\000n\000c\000t\000i\000o\000n\000\040\000D\000o\000c\000u\000m\000e\000n\000t\000a\000t\000i\000o\000n}{section.5.19}% 146
\BOOKMARK [3][-]{subsubsection.5.19.3.1}{\376\377\0005\000.\0001\0009\000.\0003\000.\0001\000\040\000\137\000f\000a\000m\000C\000o\000p\000y\000\050\000\051}{subsection.5.19.3}% 147
\BOOKMARK [3][-]{subsubsection.5.19.3.2}{\376\377\0005\000.\0001\0009\000.\0003\000.\0002\000\040\000\137\000f\000a\000m\000L\000i\000n\000e\000s\000\050\000\051\000\040\000[\0001\000/\0002\000]}{subsection.5.19.3}% 148
\BOOKMARK [3][-]{subsubsection.5.19.3.3}{\376\377\0005\000.\0001\0009\000.\0003\000.\0003\000\040\000\137\000f\000a\000m\000L\000i\000n\000e\000s\000\050\000\051\000\040\000[\0002\000/\0002\000]}{subsection.5.19.3}% 149
\BOOKMARK [3][-]{subsubsection.5.19.3.4}{\376\377\0005\000.\0001\0009\000.\0003\000.\0004\000\040\000\137\000n\000u\000m\000L\000i\000n\000e\000s\000\050\000\051}{subsection.5.19.3}% 150
\BOOKMARK [3][-]{subsubsection.5.19.3.5}{\376\377\0005\000.\0001\0009\000.\0003\000.\0005\000\040\000s\000a\000m\000p\000l\000e\000\050\000\051}{subsection.5.19.3}% 151
\BOOKMARK [1][-]{section.5.20}{\376\377\0005\000.\0002\0000\000\040\000s\000a\000m\000p\000F\000i\000l\000e\000s\000:\000:\000T\000p\000e\000d\000F\000i\000l\000e\000O\000\040\000C\000l\000a\000s\000s\000\040\000R\000e\000f\000e\000r\000e\000n\000c\000e}{chapter.5}% 152
\BOOKMARK [2][-]{subsection.5.20.1}{\376\377\0005\000.\0002\0000\000.\0001\000\040\000D\000e\000t\000a\000i\000l\000e\000d\000\040\000D\000e\000s\000c\000r\000i\000p\000t\000i\000o\000n}{section.5.20}% 153
\BOOKMARK [2][-]{subsection.5.20.2}{\376\377\0005\000.\0002\0000\000.\0002\000\040\000C\000o\000n\000s\000t\000r\000u\000c\000t\000o\000r\000\040\000\046\000\040\000D\000e\000s\000t\000r\000u\000c\000t\000o\000r\000\040\000D\000o\000c\000u\000m\000e\000n\000t\000a\000t\000i\000o\000n}{section.5.20}% 154
\BOOKMARK [3][-]{subsubsection.5.20.2.1}{\376\377\0005\000.\0002\0000\000.\0002\000.\0001\000\040\000T\000p\000e\000d\000F\000i\000l\000e\000O\000\050\000\051}{subsection.5.20.2}% 155
\BOOKMARK [1][-]{section.5.21}{\376\377\0005\000.\0002\0001\000\040\000s\000a\000m\000p\000F\000i\000l\000e\000s\000:\000:\000V\000a\000r\000F\000i\000l\000e\000\040\000C\000l\000a\000s\000s\000\040\000R\000e\000f\000e\000r\000e\000n\000c\000e}{chapter.5}% 156
\BOOKMARK [2][-]{subsection.5.21.1}{\376\377\0005\000.\0002\0001\000.\0001\000\040\000D\000e\000t\000a\000i\000l\000e\000d\000\040\000D\000e\000s\000c\000r\000i\000p\000t\000i\000o\000n}{section.5.21}% 157
\BOOKMARK [1][-]{section.5.22}{\376\377\0005\000.\0002\0002\000\040\000s\000a\000m\000p\000F\000i\000l\000e\000s\000:\000:\000V\000c\000f\000F\000i\000l\000e\000\040\000C\000l\000a\000s\000s\000\040\000R\000e\000f\000e\000r\000e\000n\000c\000e}{chapter.5}% 158
\BOOKMARK [2][-]{subsection.5.22.1}{\376\377\0005\000.\0002\0002\000.\0001\000\040\000D\000e\000t\000a\000i\000l\000e\000d\000\040\000D\000e\000s\000c\000r\000i\000p\000t\000i\000o\000n}{section.5.22}% 159
\BOOKMARK [2][-]{subsection.5.22.2}{\376\377\0005\000.\0002\0002\000.\0002\000\040\000C\000o\000n\000s\000t\000r\000u\000c\000t\000o\000r\000\040\000\046\000\040\000D\000e\000s\000t\000r\000u\000c\000t\000o\000r\000\040\000D\000o\000c\000u\000m\000e\000n\000t\000a\000t\000i\000o\000n}{section.5.22}% 160
\BOOKMARK [3][-]{subsubsection.5.22.2.1}{\376\377\0005\000.\0002\0002\000.\0002\000.\0001\000\040\000V\000c\000f\000F\000i\000l\000e\000\050\000\051}{subsection.5.22.2}% 161
\BOOKMARK [1][-]{section.5.23}{\376\377\0005\000.\0002\0003\000\040\000s\000a\000m\000p\000F\000i\000l\000e\000s\000:\000:\000V\000c\000f\000F\000i\000l\000e\000I\000\040\000C\000l\000a\000s\000s\000\040\000R\000e\000f\000e\000r\000e\000n\000c\000e}{chapter.5}% 162
\BOOKMARK [2][-]{subsection.5.23.1}{\376\377\0005\000.\0002\0003\000.\0001\000\040\000D\000e\000t\000a\000i\000l\000e\000d\000\040\000D\000e\000s\000c\000r\000i\000p\000t\000i\000o\000n}{section.5.23}% 163
\BOOKMARK [2][-]{subsection.5.23.2}{\376\377\0005\000.\0002\0003\000.\0002\000\040\000C\000o\000n\000s\000t\000r\000u\000c\000t\000o\000r\000\040\000\046\000\040\000D\000e\000s\000t\000r\000u\000c\000t\000o\000r\000\040\000D\000o\000c\000u\000m\000e\000n\000t\000a\000t\000i\000o\000n}{section.5.23}% 164
\BOOKMARK [3][-]{subsubsection.5.23.2.1}{\376\377\0005\000.\0002\0003\000.\0002\000.\0001\000\040\000V\000c\000f\000F\000i\000l\000e\000I\000\050\000\051}{subsection.5.23.2}% 165
\BOOKMARK [2][-]{subsection.5.23.3}{\376\377\0005\000.\0002\0003\000.\0003\000\040\000M\000e\000m\000b\000e\000r\000\040\000F\000u\000n\000c\000t\000i\000o\000n\000\040\000D\000o\000c\000u\000m\000e\000n\000t\000a\000t\000i\000o\000n}{section.5.23}% 166
\BOOKMARK [3][-]{subsubsection.5.23.3.1}{\376\377\0005\000.\0002\0003\000.\0003\000.\0001\000\040\000\137\000n\000u\000m\000L\000i\000n\000e\000s\000\050\000\051}{subsection.5.23.3}% 167
\BOOKMARK [3][-]{subsubsection.5.23.3.2}{\376\377\0005\000.\0002\0003\000.\0003\000.\0002\000\040\000s\000a\000m\000p\000l\000e\000\050\000\051}{subsection.5.23.3}% 168
\BOOKMARK [1][-]{section.5.24}{\376\377\0005\000.\0002\0004\000\040\000s\000a\000m\000p\000F\000i\000l\000e\000s\000:\000:\000V\000c\000f\000F\000i\000l\000e\000O\000\040\000C\000l\000a\000s\000s\000\040\000R\000e\000f\000e\000r\000e\000n\000c\000e}{chapter.5}% 169
\BOOKMARK [2][-]{subsection.5.24.1}{\376\377\0005\000.\0002\0004\000.\0001\000\040\000D\000e\000t\000a\000i\000l\000e\000d\000\040\000D\000e\000s\000c\000r\000i\000p\000t\000i\000o\000n}{section.5.24}% 170
\BOOKMARK [2][-]{subsection.5.24.2}{\376\377\0005\000.\0002\0004\000.\0002\000\040\000C\000o\000n\000s\000t\000r\000u\000c\000t\000o\000r\000\040\000\046\000\040\000D\000e\000s\000t\000r\000u\000c\000t\000o\000r\000\040\000D\000o\000c\000u\000m\000e\000n\000t\000a\000t\000i\000o\000n}{section.5.24}% 171
\BOOKMARK [3][-]{subsubsection.5.24.2.1}{\376\377\0005\000.\0002\0004\000.\0002\000.\0001\000\040\000V\000c\000f\000F\000i\000l\000e\000O\000\050\000\051}{subsection.5.24.2}% 172
\BOOKMARK [0][-]{chapter.6}{\376\377\0006\000\040\000F\000i\000l\000e\000\040\000D\000o\000c\000u\000m\000e\000n\000t\000a\000t\000i\000o\000n}{}% 173
\BOOKMARK [1][-]{section.6.1}{\376\377\0006\000.\0001\000\040\000p\000o\000p\000u\000l\000a\000t\000i\000o\000n\000s\000.\000c\000p\000p\000\040\000F\000i\000l\000e\000\040\000R\000e\000f\000e\000r\000e\000n\000c\000e}{chapter.6}% 174
\BOOKMARK [2][-]{subsection.6.1.1}{\376\377\0006\000.\0001\000.\0001\000\040\000D\000e\000t\000a\000i\000l\000e\000d\000\040\000D\000e\000s\000c\000r\000i\000p\000t\000i\000o\000n}{section.6.1}% 175
\BOOKMARK [1][-]{section.6.2}{\376\377\0006\000.\0002\000\040\000p\000o\000p\000u\000l\000a\000t\000i\000o\000n\000s\000.\000h\000p\000p\000\040\000F\000i\000l\000e\000\040\000R\000e\000f\000e\000r\000e\000n\000c\000e}{chapter.6}% 176
\BOOKMARK [2][-]{subsection.6.2.1}{\376\377\0006\000.\0002\000.\0001\000\040\000D\000e\000t\000a\000i\000l\000e\000d\000\040\000D\000e\000s\000c\000r\000i\000p\000t\000i\000o\000n}{section.6.2}% 177
\BOOKMARK [1][-]{section.6.3}{\376\377\0006\000.\0003\000\040\000r\000a\000n\000d\000o\000m\000.\000c\000p\000p\000\040\000F\000i\000l\000e\000\040\000R\000e\000f\000e\000r\000e\000n\000c\000e}{chapter.6}% 178
\BOOKMARK [2][-]{subsection.6.3.1}{\376\377\0006\000.\0003\000.\0001\000\040\000D\000e\000t\000a\000i\000l\000e\000d\000\040\000D\000e\000s\000c\000r\000i\000p\000t\000i\000o\000n}{section.6.3}% 179
\BOOKMARK [1][-]{section.6.4}{\376\377\0006\000.\0004\000\040\000r\000a\000n\000d\000o\000m\000.\000h\000p\000p\000\040\000F\000i\000l\000e\000\040\000R\000e\000f\000e\000r\000e\000n\000c\000e}{chapter.6}% 180
\BOOKMARK [2][-]{subsection.6.4.1}{\376\377\0006\000.\0004\000.\0001\000\040\000D\000e\000t\000a\000i\000l\000e\000d\000\040\000D\000e\000s\000c\000r\000i\000p\000t\000i\000o\000n}{section.6.4}% 181
\BOOKMARK [1][-]{section.6.5}{\376\377\0006\000.\0005\000\040\000s\000a\000m\000p\000l\000e\000L\000D\000.\000c\000p\000p\000\040\000F\000i\000l\000e\000\040\000R\000e\000f\000e\000r\000e\000n\000c\000e}{chapter.6}% 182
\BOOKMARK [2][-]{subsection.6.5.1}{\376\377\0006\000.\0005\000.\0001\000\040\000D\000e\000t\000a\000i\000l\000e\000d\000\040\000D\000e\000s\000c\000r\000i\000p\000t\000i\000o\000n}{section.6.5}% 183
\BOOKMARK [2][-]{subsection.6.5.2}{\376\377\0006\000.\0005\000.\0002\000\040\000F\000u\000n\000c\000t\000i\000o\000n\000\040\000D\000o\000c\000u\000m\000e\000n\000t\000a\000t\000i\000o\000n}{section.6.5}% 184
\BOOKMARK [3][-]{subsubsection.6.5.2.1}{\376\377\0006\000.\0005\000.\0002\000.\0001\000\040\000p\000a\000r\000s\000e\000C\000L\000\050\000\051}{subsection.6.5.2}% 185
\BOOKMARK [1][-]{section.6.6}{\376\377\0006\000.\0006\000\040\000s\000a\000m\000p\000l\000e\000S\000N\000P\000s\000.\000c\000p\000p\000\040\000F\000i\000l\000e\000\040\000R\000e\000f\000e\000r\000e\000n\000c\000e}{chapter.6}% 186
\BOOKMARK [2][-]{subsection.6.6.1}{\376\377\0006\000.\0006\000.\0001\000\040\000D\000e\000t\000a\000i\000l\000e\000d\000\040\000D\000e\000s\000c\000r\000i\000p\000t\000i\000o\000n}{section.6.6}% 187
\BOOKMARK [2][-]{subsection.6.6.2}{\376\377\0006\000.\0006\000.\0002\000\040\000F\000u\000n\000c\000t\000i\000o\000n\000\040\000D\000o\000c\000u\000m\000e\000n\000t\000a\000t\000i\000o\000n}{section.6.6}% 188
\BOOKMARK [3][-]{subsubsection.6.6.2.1}{\376\377\0006\000.\0006\000.\0002\000.\0001\000\040\000p\000a\000r\000s\000e\000C\000L\000\050\000\051}{subsection.6.6.2}% 189
\BOOKMARK [1][-]{section.6.7}{\376\377\0006\000.\0007\000\040\000v\000a\000r\000f\000i\000l\000e\000s\000.\000c\000p\000p\000\040\000F\000i\000l\000e\000\040\000R\000e\000f\000e\000r\000e\000n\000c\000e}{chapter.6}% 190
\BOOKMARK [2][-]{subsection.6.7.1}{\376\377\0006\000.\0007\000.\0001\000\040\000D\000e\000t\000a\000i\000l\000e\000d\000\040\000D\000e\000s\000c\000r\000i\000p\000t\000i\000o\000n}{section.6.7}% 191
\BOOKMARK [1][-]{section.6.8}{\376\377\0006\000.\0008\000\040\000v\000a\000r\000f\000i\000l\000e\000s\000.\000h\000p\000p\000\040\000F\000i\000l\000e\000\040\000R\000e\000f\000e\000r\000e\000n\000c\000e}{chapter.6}% 192
\BOOKMARK [2][-]{subsection.6.8.1}{\376\377\0006\000.\0008\000.\0001\000\040\000D\000e\000t\000a\000i\000l\000e\000d\000\040\000D\000e\000s\000c\000r\000i\000p\000t\000i\000o\000n}{section.6.8}% 193
\BOOKMARK [0][-]{chapter*.166}{\376\377\000B\000i\000b\000l\000i\000o\000g\000r\000a\000p\000h\000y}{}% 194
